WeatherMap/app/build/intermediates/manifest_merge_blame_file/release/manifest-merger-blame-release-report.txt
1<?xml version="1.0" encoding="utf-8"?>
2<manifest xmlns:android="http://schemas.android.com/apk/res/android"
3    package="com.example.weathermap"
4    android:versionCode="1"
5    android:versionName="1.0" >
6
7    <uses-sdk
8        android:minSdkVersion="21"
8-->src/main/AndroidManifest.xml
9        android:targetSdkVersion="29" />
9-->src/main/AndroidManifest.xml
10
11    <uses-permission android:name="android.permission.INTERNET" />
11-->src/main/AndroidManifest.xml:5:5-66
11-->src/main/AndroidManifest.xml:5:22-64
12    <uses-permission android:name="android.permission.ACCESS_FINE_LOCATION" />
12-->src/main/AndroidManifest.xml:6:5-78
12-->src/main/AndroidManifest.xml:6:22-76
13    <uses-permission android:name="android.permission.ACCESS_COARSE_LOCATION" />
13-->src/main/AndroidManifest.xml:7:5-80
13-->src/main/AndroidManifest.xml:7:22-78
14    <uses-permission android:name="android.permission.ACCESS_NETWORK_STATE" />
14-->src/main/AndroidManifest.xml:8:5-78
14-->src/main/AndroidManifest.xml:8:22-76
15
16    <!-- Optional permission for Analytics to run. -->
17    <uses-permission android:name="android.permission.WAKE_LOCK" /> <!-- Required by older versions of Google Play services to create GCM registration tokens -->
17-->[com.google.android.gms:play-services-analytics:12.0.1] AndroidManifest.xml:27:5-68
17-->[com.google.android.gms:play-services-analytics:12.0.1] AndroidManifest.xml:27:22-65
18    <uses-permission android:name="com.google.android.c2dm.permission.RECEIVE" />
18-->[com.google.android.gms:play-services-gcm:12.0.1] AndroidManifest.xml:23:5-82
18-->[com.google.android.gms:play-services-gcm:12.0.1] AndroidManifest.xml:23:22-79
19
20    <uses-feature
20-->[com.google.android.gms:play-services-maps:12.0.1] AndroidManifest.xml:26:5-28:35
21        android:glEsVersion="0x00020000"
21-->[com.google.android.gms:play-services-maps:12.0.1] AndroidManifest.xml:27:9-41
22        android:required="true" />
22-->[com.google.android.gms:play-services-maps:12.0.1] AndroidManifest.xml:28:9-32
23
24    <permission
24-->[com.google.firebase:firebase-iid:12.0.1] AndroidManifest.xml:28:5-30:47
25        android:name="com.example.weathermap.permission.C2D_MESSAGE"
25-->[com.google.firebase:firebase-iid:12.0.1] AndroidManifest.xml:29:9-63
26        android:protectionLevel="signature" />
26-->[com.google.firebase:firebase-iid:12.0.1] AndroidManifest.xml:30:9-44
27
28    <uses-permission android:name="com.example.weathermap.permission.C2D_MESSAGE" />
28-->[com.google.firebase:firebase-iid:12.0.1] AndroidManifest.xml:32:5-79
28-->[com.google.firebase:firebase-iid:12.0.1] AndroidManifest.xml:32:22-76
29
30    <application
30-->src/main/AndroidManifest.xml:10:5-39:19
31        android:allowBackup="true"
31-->src/main/AndroidManifest.xml:11:9-35
32        android:appComponentFactory="androidx.core.app.CoreComponentFactory"
32-->[androidx.core:core:1.1.0] AndroidManifest.xml:24:18-86
33        android:icon="@mipmap/ic_launcher"
33-->src/main/AndroidManifest.xml:12:9-43
34        android:label="@string/app_name"
34-->src/main/AndroidManifest.xml:13:9-41
35        android:roundIcon="@mipmap/ic_launcher_round"
35-->src/main/AndroidManifest.xml:14:9-54
36        android:supportsRtl="true"
36-->src/main/AndroidManifest.xml:15:9-35
37        android:theme="@style/AppTheme" >
37-->src/main/AndroidManifest.xml:16:9-41
38        <uses-library
38-->src/main/AndroidManifest.xml:18:9-19:39
39            android:name="org.apache.http.legacy"
39-->src/main/AndroidManifest.xml:18:23-60
40            android:required="false" />
40-->src/main/AndroidManifest.xml:19:13-37
41
42        <meta-data
42-->src/main/AndroidManifest.xml:21:9-23:51
43            android:name="com.google.android.geo.API_KEY"
43-->src/main/AndroidManifest.xml:22:13-58
44            android:value="@string/googleApiKey" />
44-->src/main/AndroidManifest.xml:23:13-49
45        <meta-data
45-->src/main/AndroidManifest.xml:26:9-28:69
46            android:name="com.google.android.gms.version"
46-->src/main/AndroidManifest.xml:27:13-58
47            android:value="@integer/google_play_services_version" />
47-->src/main/AndroidManifest.xml:28:13-66
48
49        <activity android:name="com.example.weathermap.Controller.MapActivity" />
49-->src/main/AndroidManifest.xml:30:9-69
49-->src/main/AndroidManifest.xml:30:19-57
50        <activity android:name="com.example.weathermap.Controller.DataShow" />
50-->src/main/AndroidManifest.xml:31:9-57
50-->src/main/AndroidManifest.xml:31:19-54
51        <activity android:name="com.example.weathermap.Controller.MainActivity" >
51-->src/main/AndroidManifest.xml:32:9-38:20
51-->src/main/AndroidManifest.xml:32:19-58
52            <intent-filter>
52-->src/main/AndroidManifest.xml:33:13-37:29
53                <action android:name="android.intent.action.MAIN" />
53-->src/main/AndroidManifest.xml:34:17-69
53-->src/main/AndroidManifest.xml:34:25-66
54
55                <category android:name="android.intent.category.LAUNCHER" />
55-->src/main/AndroidManifest.xml:36:17-77
55-->src/main/AndroidManifest.xml:36:27-74
56            </intent-filter>
57        </activity>
58
59        <receiver android:name="com.google.android.gms.cast.framework.media.MediaIntentReceiver" />
59-->[com.google.android.gms:play-services-cast-framework:12.0.1] AndroidManifest.xml:8:9-100
59-->[com.google.android.gms:play-services-cast-framework:12.0.1] AndroidManifest.xml:8:19-97
60
61        <service android:name="com.google.android.gms.cast.framework.media.MediaNotificationService" />
61-->[com.google.android.gms:play-services-cast-framework:12.0.1] AndroidManifest.xml:10:9-104
61-->[com.google.android.gms:play-services-cast-framework:12.0.1] AndroidManifest.xml:10:18-101
62        <service android:name="com.google.android.gms.cast.framework.ReconnectionService" /> <!-- Include the AdActivity and InAppPurchaseActivity configChanges and themes. -->
62-->[com.google.android.gms:play-services-cast-framework:12.0.1] AndroidManifest.xml:11:9-93
62-->[com.google.android.gms:play-services-cast-framework:12.0.1] AndroidManifest.xml:11:18-90
63        <activity
63-->[com.google.android.gms:play-services-ads-lite:12.0.1] AndroidManifest.xml:29:9-33:64
64            android:name="com.google.android.gms.ads.AdActivity"
64-->[com.google.android.gms:play-services-ads-lite:12.0.1] AndroidManifest.xml:30:13-65
65            android:configChanges="keyboard|keyboardHidden|orientation|screenLayout|uiMode|screenSize|smallestScreenSize"
65-->[com.google.android.gms:play-services-ads-lite:12.0.1] AndroidManifest.xml:31:13-122
66            android:exported="false"
66-->[com.google.android.gms:play-services-ads-lite:12.0.1] AndroidManifest.xml:32:13-37
67            android:theme="@android:style/Theme.Translucent" />
67-->[com.google.android.gms:play-services-ads-lite:12.0.1] AndroidManifest.xml:33:13-61
68
69        <receiver
69-->[com.google.android.gms:play-services-analytics:12.0.1] AndroidManifest.xml:30:9-34:20
70            android:name="com.google.android.gms.analytics.AnalyticsReceiver"
70-->[com.google.android.gms:play-services-analytics:12.0.1] AndroidManifest.xml:31:13-78
71            android:enabled="true"
71-->[com.google.android.gms:play-services-analytics:12.0.1] AndroidManifest.xml:32:13-35
72            android:exported="false" >
72-->[com.google.android.gms:play-services-analytics:12.0.1] AndroidManifest.xml:33:13-37
73        </receiver>
74
75        <service
75-->[com.google.android.gms:play-services-analytics:12.0.1] AndroidManifest.xml:36:9-39:40
76            android:name="com.google.android.gms.analytics.AnalyticsService"
76-->[com.google.android.gms:play-services-analytics:12.0.1] AndroidManifest.xml:37:13-77
77            android:enabled="true"
77-->[com.google.android.gms:play-services-analytics:12.0.1] AndroidManifest.xml:38:13-35
78            android:exported="false" />
78-->[com.google.android.gms:play-services-analytics:12.0.1] AndroidManifest.xml:39:13-37
79        <service
79-->[com.google.android.gms:play-services-analytics:12.0.1] AndroidManifest.xml:40:9-44:72
80            android:name="com.google.android.gms.analytics.AnalyticsJobService"
80-->[com.google.android.gms:play-services-analytics:12.0.1] AndroidManifest.xml:41:13-80
81            android:enabled="true"
81-->[com.google.android.gms:play-services-analytics:12.0.1] AndroidManifest.xml:42:13-35
82            android:exported="false"
82-->[com.google.android.gms:play-services-analytics:12.0.1] AndroidManifest.xml:43:13-37
83            android:permission="android.permission.BIND_JOB_SERVICE" />
83-->[com.google.android.gms:play-services-analytics:12.0.1] AndroidManifest.xml:44:13-69
84
85        <activity
85-->[com.google.android.gms:play-services-appinvite:12.0.1] AndroidManifest.xml:25:9-34:20
86            android:name="com.google.android.gms.appinvite.PreviewActivity"
86-->[com.google.android.gms:play-services-appinvite:12.0.1] AndroidManifest.xml:26:13-76
87            android:exported="true"
87-->[com.google.android.gms:play-services-appinvite:12.0.1] AndroidManifest.xml:27:13-36
88            android:theme="@style/Theme.AppInvite.Preview" >
88-->[com.google.android.gms:play-services-appinvite:12.0.1] AndroidManifest.xml:28:13-59
89            <intent-filter>
89-->[com.google.android.gms:play-services-appinvite:12.0.1] AndroidManifest.xml:29:13-33:29
90                <action android:name="com.google.android.gms.appinvite.ACTION_PREVIEW" />
90-->[com.google.android.gms:play-services-appinvite:12.0.1] AndroidManifest.xml:30:17-90
90-->[com.google.android.gms:play-services-appinvite:12.0.1] AndroidManifest.xml:30:25-87
91
92                <category android:name="android.intent.category.DEFAULT" />
92-->[com.google.android.gms:play-services-appinvite:12.0.1] AndroidManifest.xml:32:17-76
92-->[com.google.android.gms:play-services-appinvite:12.0.1] AndroidManifest.xml:32:27-73
93            </intent-filter>
94        </activity>
95        <activity
95-->[com.google.android.gms:play-services-auth:12.0.1] AndroidManifest.xml:23:9-27:75
96            android:name="com.google.android.gms.auth.api.signin.internal.SignInHubActivity"
96-->[com.google.android.gms:play-services-auth:12.0.1] AndroidManifest.xml:24:13-93
97            android:excludeFromRecents="true"
97-->[com.google.android.gms:play-services-auth:12.0.1] AndroidManifest.xml:25:13-46
98            android:exported="false"
98-->[com.google.android.gms:play-services-auth:12.0.1] AndroidManifest.xml:26:13-37
99            android:theme="@android:style/Theme.Translucent.NoTitleBar" />
99-->[com.google.android.gms:play-services-auth:12.0.1] AndroidManifest.xml:27:13-72
100        <!--
101            Service handling Google Sign-In user revocation. For apps that do not integrate with
102            Google Sign-In, this service will never be started.
103        -->
104        <service
104-->[com.google.android.gms:play-services-auth:12.0.1] AndroidManifest.xml:33:9-36:110
105            android:name="com.google.android.gms.auth.api.signin.RevocationBoundService"
105-->[com.google.android.gms:play-services-auth:12.0.1] AndroidManifest.xml:34:13-89
106            android:exported="true"
106-->[com.google.android.gms:play-services-auth:12.0.1] AndroidManifest.xml:35:13-36
107            android:permission="com.google.android.gms.auth.api.signin.permission.REVOCATION_NOTIFICATION" />
107-->[com.google.android.gms:play-services-auth:12.0.1] AndroidManifest.xml:36:13-107
108
109        <activity
109-->[com.google.firebase:firebase-auth:12.0.1] AndroidManifest.xml:23:9-29:75
110            android:name="com.google.firebase.auth.internal.FederatedSignInActivity"
110-->[com.google.firebase:firebase-auth:12.0.1] AndroidManifest.xml:24:13-85
111            android:excludeFromRecents="true"
111-->[com.google.firebase:firebase-auth:12.0.1] AndroidManifest.xml:25:13-46
112            android:exported="true"
112-->[com.google.firebase:firebase-auth:12.0.1] AndroidManifest.xml:26:13-36
113            android:launchMode="singleInstance"
113-->[com.google.firebase:firebase-auth:12.0.1] AndroidManifest.xml:27:13-48
114            android:permission="com.google.firebase.auth.api.gms.permission.LAUNCH_FEDERATED_SIGN_IN"
114-->[com.google.firebase:firebase-auth:12.0.1] AndroidManifest.xml:28:13-102
115            android:theme="@android:style/Theme.Translucent.NoTitleBar" />
115-->[com.google.firebase:firebase-auth:12.0.1] AndroidManifest.xml:29:13-72
116        <activity
116-->[com.google.android.gms:play-services-base:12.0.1] AndroidManifest.xml:23:9-26:75
117            android:name="com.google.android.gms.common.api.GoogleApiActivity"
117-->[com.google.android.gms:play-services-base:12.0.1] AndroidManifest.xml:24:13-79
118            android:exported="false"
118-->[com.google.android.gms:play-services-base:12.0.1] AndroidManifest.xml:25:13-37
119            android:theme="@android:style/Theme.Translucent.NoTitleBar" />
119-->[com.google.android.gms:play-services-base:12.0.1] AndroidManifest.xml:26:13-72
120        <!--
121             FirebaseMessagingService performs security checks at runtime,
122             no need for explicit permissions despite exported="true"
123        -->
124        <service
124-->[com.google.firebase:firebase-messaging:12.0.1] AndroidManifest.xml:28:9-34:19
125            android:name="com.google.firebase.messaging.FirebaseMessagingService"
125-->[com.google.firebase:firebase-messaging:12.0.1] AndroidManifest.xml:29:13-82
126            android:exported="true" >
126-->[com.google.firebase:firebase-messaging:12.0.1] AndroidManifest.xml:30:13-36
127            <intent-filter android:priority="-500" >
127-->[com.google.firebase:firebase-messaging:12.0.1] AndroidManifest.xml:31:13-33:29
127-->[com.google.firebase:firebase-messaging:12.0.1] AndroidManifest.xml:31:28-51
128                <action android:name="com.google.firebase.MESSAGING_EVENT" />
128-->[com.google.firebase:firebase-messaging:12.0.1] AndroidManifest.xml:32:17-78
128-->[com.google.firebase:firebase-messaging:12.0.1] AndroidManifest.xml:32:25-75
129            </intent-filter>
130        </service>
131        <service
131-->[com.google.android.gms:play-services-tagmanager-api:12.0.1] AndroidManifest.xml:27:9-30:40
132            android:name="com.google.android.gms.tagmanager.TagManagerService"
132-->[com.google.android.gms:play-services-tagmanager-api:12.0.1] AndroidManifest.xml:28:13-79
133            android:enabled="true"
133-->[com.google.android.gms:play-services-tagmanager-api:12.0.1] AndroidManifest.xml:29:13-35
134            android:exported="false" />
134-->[com.google.android.gms:play-services-tagmanager-api:12.0.1] AndroidManifest.xml:30:13-37
135
136        <activity
136-->[com.google.android.gms:play-services-tagmanager-api:12.0.1] AndroidManifest.xml:32:9-44:20
137            android:name="com.google.android.gms.tagmanager.TagManagerPreviewActivity"
137-->[com.google.android.gms:play-services-tagmanager-api:12.0.1] AndroidManifest.xml:33:13-87
138            android:exported="true"
138-->[com.google.android.gms:play-services-tagmanager-api:12.0.1] AndroidManifest.xml:34:13-36
139            android:noHistory="true" > <!-- optional, removes the previewActivity from the activity stack. -->
139-->[com.google.android.gms:play-services-tagmanager-api:12.0.1] AndroidManifest.xml:35:13-37
140            <intent-filter>
140-->[com.google.android.gms:play-services-tagmanager-api:12.0.1] AndroidManifest.xml:36:13-43:29
141                <data android:scheme="tagmanager.c.com.example.weathermap" />
141-->[com.google.android.gms:play-services-tagmanager-api:12.0.1] AndroidManifest.xml:37:17-72
141-->[com.google.android.gms:play-services-tagmanager-api:12.0.1] AndroidManifest.xml:37:23-69
142
143                <action android:name="android.intent.action.VIEW" />
143-->[com.google.android.gms:play-services-tagmanager-api:12.0.1] AndroidManifest.xml:39:17-69
143-->[com.google.android.gms:play-services-tagmanager-api:12.0.1] AndroidManifest.xml:39:25-66
144
145                <category android:name="android.intent.category.DEFAULT" />
145-->[com.google.android.gms:play-services-appinvite:12.0.1] AndroidManifest.xml:32:17-76
145-->[com.google.android.gms:play-services-appinvite:12.0.1] AndroidManifest.xml:32:27-73
146                <category android:name="android.intent.category.BROWSABLE" />
146-->[com.google.android.gms:play-services-tagmanager-api:12.0.1] AndroidManifest.xml:42:17-78
146-->[com.google.android.gms:play-services-tagmanager-api:12.0.1] AndroidManifest.xml:42:27-75
147            </intent-filter>
148        </activity>
149
150        <receiver
150-->[com.google.firebase:firebase-analytics:12.0.1] AndroidManifest.xml:28:9-32:20
151            android:name="com.google.android.gms.measurement.AppMeasurementReceiver"
151-->[com.google.firebase:firebase-analytics:12.0.1] AndroidManifest.xml:29:13-85
152            android:enabled="true"
152-->[com.google.firebase:firebase-analytics:12.0.1] AndroidManifest.xml:30:13-35
153            android:exported="false" >
153-->[com.google.firebase:firebase-analytics:12.0.1] AndroidManifest.xml:31:13-37
154        </receiver>
155        <receiver
155-->[com.google.firebase:firebase-analytics:12.0.1] AndroidManifest.xml:33:9-41:20
156            android:name="com.google.android.gms.measurement.AppMeasurementInstallReferrerReceiver"
156-->[com.google.firebase:firebase-analytics:12.0.1] AndroidManifest.xml:34:13-100
157            android:enabled="true"
157-->[com.google.firebase:firebase-analytics:12.0.1] AndroidManifest.xml:35:13-35
158            android:exported="true"
158-->[com.google.firebase:firebase-analytics:12.0.1] AndroidManifest.xml:36:13-36
159            android:permission="android.permission.INSTALL_PACKAGES" >
159-->[com.google.firebase:firebase-analytics:12.0.1] AndroidManifest.xml:37:13-69
160            <intent-filter>
160-->[com.google.firebase:firebase-analytics:12.0.1] AndroidManifest.xml:38:13-40:29
161                <action android:name="com.android.vending.INSTALL_REFERRER" />
161-->[com.google.firebase:firebase-analytics:12.0.1] AndroidManifest.xml:39:17-79
161-->[com.google.firebase:firebase-analytics:12.0.1] AndroidManifest.xml:39:25-76
162            </intent-filter>
163        </receiver>
164
165        <service
165-->[com.google.firebase:firebase-analytics:12.0.1] AndroidManifest.xml:43:9-46:40
166            android:name="com.google.android.gms.measurement.AppMeasurementService"
166-->[com.google.firebase:firebase-analytics:12.0.1] AndroidManifest.xml:44:13-84
167            android:enabled="true"
167-->[com.google.firebase:firebase-analytics:12.0.1] AndroidManifest.xml:45:13-35
168            android:exported="false" />
168-->[com.google.firebase:firebase-analytics:12.0.1] AndroidManifest.xml:46:13-37
169        <service
169-->[com.google.firebase:firebase-analytics:12.0.1] AndroidManifest.xml:47:9-51:72
170            android:name="com.google.android.gms.measurement.AppMeasurementJobService"
170-->[com.google.firebase:firebase-analytics:12.0.1] AndroidManifest.xml:48:13-87
171            android:enabled="true"
171-->[com.google.firebase:firebase-analytics:12.0.1] AndroidManifest.xml:49:13-35
172            android:exported="false"
172-->[com.google.firebase:firebase-analytics:12.0.1] AndroidManifest.xml:50:13-37
173            android:permission="android.permission.BIND_JOB_SERVICE" />
173-->[com.google.firebase:firebase-analytics:12.0.1] AndroidManifest.xml:51:13-69
174
175        <receiver
175-->[com.google.firebase:firebase-iid:12.0.1] AndroidManifest.xml:35:9-44:20
176            android:name="com.google.firebase.iid.FirebaseInstanceIdReceiver"
176-->[com.google.firebase:firebase-iid:12.0.1] AndroidManifest.xml:36:13-78
177            android:exported="true"
177-->[com.google.firebase:firebase-iid:12.0.1] AndroidManifest.xml:37:13-36
178            android:permission="com.google.android.c2dm.permission.SEND" >
178-->[com.google.firebase:firebase-iid:12.0.1] AndroidManifest.xml:38:13-73
179            <intent-filter>
179-->[com.google.firebase:firebase-iid:12.0.1] AndroidManifest.xml:39:13-43:29
180                <action android:name="com.google.android.c2dm.intent.RECEIVE" />
180-->[com.google.firebase:firebase-iid:12.0.1] AndroidManifest.xml:40:17-81
180-->[com.google.firebase:firebase-iid:12.0.1] AndroidManifest.xml:40:25-78
181
182                <category android:name="com.example.weathermap" />
182-->[com.google.firebase:firebase-iid:12.0.1] AndroidManifest.xml:42:17-61
182-->[com.google.firebase:firebase-iid:12.0.1] AndroidManifest.xml:42:27-58
183            </intent-filter>
184        </receiver>
185        <!--
186             FirebaseInstanceIdService performs security checks at runtime,
187             no need for explicit permissions despite exported="true"
188        -->
189        <service
189-->[com.google.firebase:firebase-iid:12.0.1] AndroidManifest.xml:50:9-56:19
190            android:name="com.google.firebase.iid.FirebaseInstanceIdService"
190-->[com.google.firebase:firebase-iid:12.0.1] AndroidManifest.xml:51:13-77
191            android:exported="true" >
191-->[com.google.firebase:firebase-iid:12.0.1] AndroidManifest.xml:52:13-36
192            <intent-filter android:priority="-500" >
192-->[com.google.firebase:firebase-iid:12.0.1] AndroidManifest.xml:53:13-55:29
192-->[com.google.firebase:firebase-iid:12.0.1] AndroidManifest.xml:53:28-51
193                <action android:name="com.google.firebase.INSTANCE_ID_EVENT" />
193-->[com.google.firebase:firebase-iid:12.0.1] AndroidManifest.xml:54:17-80
193-->[com.google.firebase:firebase-iid:12.0.1] AndroidManifest.xml:54:25-77
194            </intent-filter>
195        </service>
196
197        <provider
197-->[com.google.firebase:firebase-common:12.0.1] AndroidManifest.xml:8:9-12:39
198            android:name="com.google.firebase.provider.FirebaseInitProvider"
198-->[com.google.firebase:firebase-common:12.0.1] AndroidManifest.xml:9:13-77
199            android:authorities="com.example.weathermap.firebaseinitprovider"
199-->[com.google.firebase:firebase-common:12.0.1] AndroidManifest.xml:10:13-72
200            android:exported="false"
200-->[com.google.firebase:firebase-common:12.0.1] AndroidManifest.xml:11:13-37
201            android:initOrder="100" />
201-->[com.google.firebase:firebase-common:12.0.1] AndroidManifest.xml:12:13-36
202    </application>
203
204</manifest>